ASxxxx Assembler V02.00 + NoICE + SDCC mods  (Zilog Z80 / Hitachi HD64180), page 1.
Hexadecimal [16-Bits]



                              1 .module destroyEnemy
                              2 .area _CODE
                              3 
ASxxxx Assembler V02.00 + NoICE + SDCC mods  (Zilog Z80 / Hitachi HD64180), page 2.
Hexadecimal [16-Bits]



                              4 .include "datos.h.s"
                     0014     1 tamagno_enemy =            0x14                               ;; Tamaño del array de entidades
                              2 
                              3 
                              4 
                              5 ;; Constantes del array del enemigo
                     0000     6 .equ enemiX,      0
                     0001     7 .equ enemiY,      1
                     0002     8 .equ enemiAlto,   2
                     0003     9 .equ enemiAncho,  3
                     0004    10 .equ SpriteBajo,  4
                     0005    11 .equ SpriteAlto,  5
                     0006    12 .equ enemiVelo,   6
                     0007    13 .equ temporiza,   7
                     0008    14 .equ StatusAni,   8
                     0009    15 .equ frame1Bajo,  9
                     000A    16 .equ frame1Alto, 10
                     000B    17 .equ frame2Bajo, 11
                     000C    18 .equ frame2Alto, 12
                     000D    19 .equ frame3Bajo, 13
                     000E    20 .equ frame3Alto, 14
                     000F    21 .equ frame4Bajo, 15
                     0010    22 .equ frame4Alto, 16
                     0011    23 .equ frame5Bajo, 17
                     0012    24 .equ frame5Alto, 18
                     0013    25 .equ conVida,    19 
                             26 
                             27 ;; Constantes del Player
                     0000    28 .equ PlayX,      0
                     0001    29 .equ PlayY,      1
                     0002    30 .equ PlayAlto,   2
                     0003    31 .equ PlayAncho,  3
                     0004    32 .equ SprPlayLo,  4
                     0005    33 .equ SprPlayHi,  5
                     0006    34 .equ PlayVidas,  6
                     0007    35 .equ FPS,        7
                             36 
                             37 
                             38 
                             39 
                             40 
ASxxxx Assembler V02.00 + NoICE + SDCC mods  (Zilog Z80 / Hitachi HD64180), page 3.
Hexadecimal [16-Bits]



                              5 .include "enemy.h.s"
                              1 .globl draw_enemy
                              2 .globl calXenemy
                              3 .globl erase_enemy
                              4 .globl update_enemy
                              5 .globl posXenemyPtr
                              6 .globl posYenemyPtr
                              7 .globl enemy
                              8 .globl enemy2
                              9 .globl enemy3
                             10 .globl num_enemigos
                             11 .globl oleada
                             12 .globl finOleada
ASxxxx Assembler V02.00 + NoICE + SDCC mods  (Zilog Z80 / Hitachi HD64180), page 4.
Hexadecimal [16-Bits]



                              6 
                              7 
   0000                       8 destruyeEnemigo::
                              9 
   0000 DD 36 06 00   [19]   10     ld enemiVelo(ix), #0x00                          ;; El enemigo se para
   0004 DD 36 08 01   [19]   11     ld StatusAni(ix), #0x01                          ;; Dibujar el primer fotograma de la explosión.      
                             12     ;ld conVida(ix), #0x00 
                             13     
   0008 C9            [10]   14     ret
                             15 
